<?xml version="1.0" encoding="UTF-8"?>
<!-- Generated by org.testng.reporters.JUnitReportReporter -->
<testsuite skipped="0" hostname="EPRURYAW7112" name="jar.ParameterTest" tests="2" failures="0" timestamp="15 янв 2019 07:19:04 GMT" time="0.010" errors="0">
  <testcase name="testCase2" time="0.002" classname="jar.ParameterTest"/>
  <testcase name="testCase1" time="0.008" classname="jar.ParameterTest"/>
</testsuite> <!-- jar.ParameterTest -->
