<?xml version="1.0" encoding="UTF-8"?>
<!-- Generated by org.testng.reporters.JUnitReportReporter -->
<testsuite skipped="0" hostname="EPRURYAW7112" name="jar.ParameterTestForCircle" tests="2" failures="0" timestamp="04 фев 2019 11:48:26 GMT" time="0.000" errors="0">
  <testcase name="testCase2" time="0.000" classname="jar.ParameterTestForCircle"/>
  <testcase name="testCase1" time="0.000" classname="jar.ParameterTestForCircle"/>
</testsuite> <!-- jar.ParameterTestForCircle -->
