<?xml version="1.0" encoding="UTF-8"?>
<!-- Generated by org.testng.reporters.JUnitReportReporter -->
<testsuite skipped="0" hostname="EPRURYAW7112" name="jar.NewTest" tests="2" failures="0" timestamp="09 янв 2019 08:04:55 GMT" time="0.007" errors="0">
  <testcase name="f" time="0.002" classname="jar.NewTest"/>
  <testcase name="f" time="0.005" classname="jar.NewTest"/>
</testsuite> <!-- jar.NewTest -->
