<?xml version="1.0" encoding="UTF-8"?>
<!-- Generated by org.testng.reporters.JUnitReportReporter -->
<testsuite hostname="EPRURYAW7112" name="jar.NewTest" tests="2" failures="0" timestamp="17 Jan 2019 15:49:40 GMT" time="0.001" errors="0">
  <testcase name="f" time="0.001" classname="jar.NewTest"/>
  <testcase name="f" time="0.000" classname="jar.NewTest"/>
</testsuite> <!-- jar.NewTest -->
