<?xml version="1.0" encoding="UTF-8"?>
<!-- Generated by org.testng.reporters.JUnitReportReporter -->
<testsuite hostname="EPRURYAW7112" name="jar.ParameterTest" tests="2" failures="0" timestamp="17 Jan 2019 15:49:40 GMT" time="0.003" errors="0">
  <testcase name="testCase2" time="0.001" classname="jar.ParameterTest"/>
  <testcase name="testCase1" time="0.002" classname="jar.ParameterTest"/>
</testsuite> <!-- jar.ParameterTest -->
