<?xml version="1.0" encoding="UTF-8"?>
<!-- Generated by org.testng.reporters.JUnitReportReporter -->
<testsuite hostname="EPRURYAW7112" name="jar.ParameterTest" tests="2" failures="0" timestamp="4 Feb 2019 12:57:33 GMT" time="0.004" errors="0">
  <testcase name="testCase2" time="0.000" classname="jar.ParameterTest"/>
  <testcase name="testCase1" time="0.004" classname="jar.ParameterTest"/>
</testsuite> <!-- jar.ParameterTest -->
